<?xml version="1.0" encoding="UTF-8"?>
<!-- Generated by org.testng.reporters.JUnitReportReporter -->
<testsuite hostname="LAPTOP-NQJI8V5U" name="com.flipkart.qa.testcases.LoginPageTest" tests="1" failures="0" timestamp="23 Feb 2022 12:46:28 GMT" time="5.598" errors="0">
  <testcase name="loginPageTest" time="5.598" classname="com.flipkart.qa.testcases.LoginPageTest"/>
</testsuite> <!-- com.flipkart.qa.testcases.LoginPageTest -->
