<?xml version="1.0" encoding="UTF-8"?>
<!-- Generated by org.testng.reporters.JUnitReportReporter -->
<testsuite hostname="LAPTOP-NQJI8V5U" name="com.flipkart.qa.testcases.LoginPageTest" tests="1" failures="0" timestamp="27 Feb 2022 11:22:03 GMT" time="8.617" errors="0">
  <testcase name="loginPageTest" time="8.617" classname="com.flipkart.qa.testcases.LoginPageTest"/>
</testsuite> <!-- com.flipkart.qa.testcases.LoginPageTest -->
